TN:
SF:src/core/config/env.ts
FNF:0
FNH:0
DA:1,1
LF:1
LH:1
BRF:0
BRH:0
end_of_record
TN:
SF:src/core/di/container.ts
FN:20,bootstrapContainer
FN:28,(anonymous_1)
FN:32,(anonymous_2)
FN:36,(anonymous_3)
FN:44,(anonymous_4)
FN:48,(anonymous_5)
FN:52,(anonymous_6)
FN:56,(anonymous_7)
FNF:8
FNH:0
FNDA:0,bootstrapContainer
FNDA:0,(anonymous_1)
FNDA:0,(anonymous_2)
FNDA:0,(anonymous_3)
FNDA:0,(anonymous_4)
FNDA:0,(anonymous_5)
FNDA:0,(anonymous_6)
FNDA:0,(anonymous_7)
DA:21,0
DA:22,0
DA:23,0
DA:25,0
DA:27,0
DA:28,0
DA:31,0
DA:32,0
DA:35,0
DA:37,0
DA:43,0
DA:44,0
DA:47,0
DA:48,0
DA:51,0
DA:52,0
DA:55,0
DA:56,0
LF:18
LH:0
BRF:0
BRH:0
end_of_record
TN:
SF:src/core/di/tokens.ts
FNF:0
FNH:0
DA:1,1
LF:1
LH:1
BRF:0
BRH:0
end_of_record
TN:
SF:src/core/http/httpClient.ts
FN:4,createHttpClient
FNF:1
FNH:0
FNDA:0,createHttpClient
DA:6,0
LF:1
LH:0
BRF:0
BRH:0
end_of_record
TN:
SF:src/core/query/queryClient.ts
FNF:0
FNH:0
DA:3,0
LF:1
LH:0
BRF:0
BRH:0
end_of_record
TN:
SF:src/data/datasources/local/PokemonLocalDataSource.ts
FNF:0
FNH:0
LF:0
LH:0
BRF:0
BRH:0
end_of_record
TN:
SF:src/data/datasources/local/PokemonLocalDataSourceImpl.ts
FN:6,(anonymous_0)
FN:7,(anonymous_1)
FN:11,(anonymous_2)
FN:15,(anonymous_3)
FN:20,(anonymous_4)
FN:24,(anonymous_5)
FN:29,(anonymous_6)
FNF:7
FNH:7
FNDA:7,(anonymous_0)
FNDA:5,(anonymous_1)
FNDA:10,(anonymous_2)
FNDA:3,(anonymous_3)
FNDA:2,(anonymous_4)
FNDA:4,(anonymous_5)
FNDA:3,(anonymous_6)
DA:8,5
DA:12,10
DA:16,3
DA:17,3
DA:21,2
DA:25,4
DA:26,4
DA:30,3
DA:31,3
LF:9
LH:9
BRDA:17,0,0,1
BRDA:17,0,1,2
BRDA:26,1,0,3
BRDA:26,1,1,1
BRF:4
BRH:4
end_of_record
TN:
SF:src/data/datasources/remote/PokemonRemoteDataSource.ts
FNF:0
FNH:0
LF:0
LH:0
BRF:0
BRH:0
end_of_record
TN:
SF:src/data/datasources/remote/PokemonRemoteDataSourceImpl.ts
FN:7,(anonymous_0)
FN:9,(anonymous_1)
FN:16,(anonymous_2)
FNF:3
FNH:0
FNDA:0,(anonymous_0)
FNDA:0,(anonymous_1)
FNDA:0,(anonymous_2)
DA:10,0
DA:13,0
DA:17,0
DA:18,0
LF:4
LH:0
BRF:0
BRH:0
end_of_record
TN:
SF:src/data/dto/PokemonDetailDto.ts
FNF:0
FNH:0
LF:0
LH:0
BRF:0
BRH:0
end_of_record
TN:
SF:src/data/dto/PokemonListDto.ts
FNF:0
FNH:0
LF:0
LH:0
BRF:0
BRH:0
end_of_record
TN:
SF:src/data/mappers/pokemonMapper.ts
FN:8,extractIdFromUrl
FN:16,mapPokemonListDtoToEntities
FN:17,(anonymous_2)
FN:23,mapPokemonDetailDtoToEntity
FN:33,(anonymous_4)
FN:34,(anonymous_5)
FN:35,(anonymous_6)
FN:42,(anonymous_7)
FN:43,(anonymous_8)
FN:45,(anonymous_9)
FN:47,(anonymous_10)
FNF:11
FNH:11
FNDA:9,extractIdFromUrl
FNDA:6,mapPokemonListDtoToEntities
FNDA:9,(anonymous_2)
FNDA:22,mapPokemonDetailDtoToEntity
FNDA:41,(anonymous_4)
FNDA:41,(anonymous_5)
FNDA:41,(anonymous_6)
FNDA:43,(anonymous_7)
FNDA:43,(anonymous_8)
FNDA:42,(anonymous_9)
FNDA:18,(anonymous_10)
DA:6,3
DA:9,9
DA:10,9
DA:17,6
DA:18,9
DA:19,9
DA:24,22
DA:33,41
DA:34,41
DA:35,41
DA:42,43
DA:43,43
DA:45,42
DA:47,18
LF:14
LH:14
BRDA:10,0,0,9
BRDA:10,0,1,0
BRDA:28,1,0,22
BRDA:28,1,1,2
BRDA:28,1,2,1
BRDA:37,2,0,22
BRDA:37,2,1,6
BRDA:37,2,2,4
BRDA:38,3,0,22
BRDA:38,3,1,1
BRDA:39,4,0,22
BRDA:39,4,1,0
BRDA:45,5,0,22
BRDA:45,5,1,0
BRDA:46,6,0,22
BRDA:46,6,1,0
BRDA:49,7,0,18
BRDA:49,7,1,1
BRF:18
BRH:14
end_of_record
TN:
SF:src/data/repositories/FavoritesRepositoryImpl.ts
FN:12,(anonymous_0)
FN:14,(anonymous_1)
FN:18,(anonymous_2)
FN:22,(anonymous_3)
FNF:4
FNH:4
FNDA:5,(anonymous_0)
FNDA:15,(anonymous_1)
FNDA:7,(anonymous_2)
FNDA:8,(anonymous_3)
DA:15,15
DA:19,7
DA:23,8
LF:3
LH:3
BRDA:19,0,0,7
BRDA:19,0,1,2
BRF:2
BRH:2
end_of_record
TN:
SF:src/data/repositories/PokemonRepositoryImpl.ts
FN:10,(anonymous_0)
FN:15,(anonymous_1)
FN:24,(anonymous_2)
FN:32,(anonymous_3)
FN:44,(anonymous_4)
FN:50,(anonymous_5)
FN:58,(anonymous_6)
FN:65,(anonymous_7)
FNF:8
FNH:7
FNDA:7,(anonymous_0)
FNDA:2,(anonymous_1)
FNDA:3,(anonymous_2)
FNDA:3,(anonymous_3)
FNDA:3,(anonymous_4)
FNDA:2,(anonymous_5)
FNDA:2,(anonymous_6)
FNDA:0,(anonymous_7)
DA:16,2
DA:17,2
DA:23,2
DA:25,3
DA:26,2
DA:27,2
DA:28,2
DA:32,2
DA:33,3
DA:34,3
DA:35,2
DA:37,1
DA:40,2
DA:41,2
DA:45,3
DA:46,3
DA:50,2
DA:51,2
DA:52,1
DA:55,1
DA:59,2
DA:60,1
DA:61,1
DA:62,1
DA:66,0
LF:25
LH:24
BRDA:34,0,0,2
BRDA:34,0,1,1
BRDA:46,1,0,1
BRDA:46,1,1,2
BRDA:50,2,0,2
BRDA:50,2,1,2
BRDA:51,3,0,1
BRDA:51,3,1,1
BRF:8
BRH:8
end_of_record
TN:
SF:src/domain/entities/Pokemon.ts
FNF:0
FNH:0
LF:0
LH:0
BRF:0
BRH:0
end_of_record
TN:
SF:src/domain/repositories/FavoritesRepository.ts
FNF:0
FNH:0
LF:0
LH:0
BRF:0
BRH:0
end_of_record
TN:
SF:src/domain/repositories/PokemonRepository.ts
FNF:0
FNH:0
LF:0
LH:0
BRF:0
BRH:0
end_of_record
TN:
SF:src/domain/usecases/GetPokemonDetailUseCase.ts
FN:7,(anonymous_0)
FN:9,(anonymous_1)
FNF:2
FNH:2
FNDA:3,(anonymous_0)
FNDA:3,(anonymous_1)
DA:10,3
LF:1
LH:1
BRF:0
BRH:0
end_of_record
TN:
SF:src/domain/usecases/GetPokemonListUseCase.ts
FN:12,(anonymous_0)
FN:14,(anonymous_1)
FNF:2
FNH:2
FNDA:1,(anonymous_0)
FNDA:1,(anonymous_1)
DA:15,1
LF:1
LH:1
BRF:0
BRH:0
end_of_record
TN:
SF:src/domain/usecases/ToggleFavoriteUseCase.ts
FN:13,(anonymous_0)
FN:15,(anonymous_1)
FNF:2
FNH:2
FNDA:4,(anonymous_0)
FNDA:4,(anonymous_1)
DA:16,4
DA:17,4
DA:18,4
DA:19,4
LF:4
LH:4
BRF:0
BRH:0
end_of_record
TN:
SF:src/presentation/hooks/useFavoritePokemon.ts
FN:26,useHeartParticle
FN:32,(anonymous_1)
FN:37,(anonymous_2)
FN:56,useFavoritePokemon
FN:61,(anonymous_4)
FN:79,(anonymous_5)
FN:80,(anonymous_6)
FN:86,(anonymous_7)
FN:120,(anonymous_8)
FN:128,(anonymous_9)
FNF:10
FNH:0
FNDA:0,useHeartParticle
FNDA:0,(anonymous_1)
FNDA:0,(anonymous_2)
FNDA:0,useFavoritePokemon
FNDA:0,(anonymous_4)
FNDA:0,(anonymous_5)
FNDA:0,(anonymous_6)
FNDA:0,(anonymous_7)
FNDA:0,(anonymous_8)
FNDA:0,(anonymous_9)
DA:17,0
DA:27,0
DA:28,0
DA:29,0
DA:30,0
DA:32,0
DA:37,0
DA:38,0
DA:40,0
DA:42,0
DA:44,0
DA:46,0
DA:47,0
DA:48,0
DA:49,0
DA:50,0
DA:53,0
DA:58,0
DA:59,0
DA:61,0
DA:62,0
DA:63,0
DA:66,0
DA:67,0
DA:68,0
DA:70,0
DA:79,0
DA:80,0
DA:81,0
DA:82,0
DA:86,0
DA:87,0
DA:90,0
DA:91,0
DA:93,0
DA:95,0
DA:100,0
DA:106,0
DA:110,0
DA:113,0
DA:120,0
DA:124,0
DA:128,0
LF:43
LH:0
BRDA:62,0,0,0
BRDA:62,0,1,0
BRDA:87,1,0,0
BRDA:87,1,1,0
BRDA:93,2,0,0
BRDA:93,2,1,0
BRF:6
BRH:0
end_of_record
TN:
SF:src/presentation/hooks/usePokemonDetail.ts
FN:7,usePokemonDetail
FN:13,(anonymous_1)
FN:14,(anonymous_2)
FNF:3
FNH:0
FNDA:0,usePokemonDetail
FNDA:0,(anonymous_1)
FNDA:0,(anonymous_2)
DA:8,0
DA:9,0
DA:11,0
DA:13,0
DA:14,0
DA:18,0
LF:6
LH:0
BRF:0
BRH:0
end_of_record
TN:
SF:src/presentation/hooks/usePokemonFilters.ts
FN:10,usePokemonFilters
FN:21,(anonymous_1)
FN:22,(anonymous_2)
FN:23,(anonymous_3)
FN:28,(anonymous_4)
FN:37,(anonymous_5)
FN:38,(anonymous_6)
FN:43,(anonymous_7)
FN:46,(anonymous_8)
FN:53,(anonymous_9)
FN:55,(anonymous_10)
FN:62,(anonymous_11)
FNF:12
FNH:0
FNDA:0,usePokemonFilters
FNDA:0,(anonymous_1)
FNDA:0,(anonymous_2)
FNDA:0,(anonymous_3)
FNDA:0,(anonymous_4)
FNDA:0,(anonymous_5)
FNDA:0,(anonymous_6)
FNDA:0,(anonymous_7)
FNDA:0,(anonymous_8)
FNDA:0,(anonymous_9)
FNDA:0,(anonymous_10)
FNDA:0,(anonymous_11)
DA:11,0
DA:12,0
DA:13,0
DA:14,0
DA:15,0
DA:16,0
DA:18,0
DA:19,0
DA:21,0
DA:22,0
DA:23,0
DA:25,0
DA:28,0
DA:29,0
DA:30,0
DA:31,0
DA:33,0
DA:37,0
DA:38,0
DA:39,0
DA:40,0
DA:43,0
DA:46,0
DA:47,0
DA:50,0
DA:52,0
DA:53,0
DA:54,0
DA:55,0
DA:58,0
DA:59,0
DA:61,0
DA:63,0
DA:67,0
DA:69,0
LF:35
LH:0
BRDA:30,0,0,0
BRDA:30,0,1,0
BRDA:41,1,0,0
BRDA:41,1,1,0
BRDA:47,2,0,0
BRDA:47,2,1,0
BRDA:52,3,0,0
BRDA:52,3,1,0
BRDA:54,4,0,0
BRDA:54,4,1,0
BRDA:59,5,0,0
BRDA:59,5,1,0
BRDA:63,6,0,0
BRDA:63,6,1,0
BRDA:67,7,0,0
BRDA:67,7,1,0
BRF:16
BRH:0
end_of_record
TN:
SF:src/presentation/hooks/usePokemonHeroAnimation.ts
FN:15,usePokemonHeroAnimation
FN:20,(anonymous_1)
FN:26,(anonymous_2)
FN:29,(anonymous_3)
FN:38,(anonymous_4)
FN:42,(anonymous_5)
FN:47,(anonymous_6)
FN:55,(anonymous_7)
FN:63,(anonymous_8)
FNF:9
FNH:0
FNDA:0,usePokemonHeroAnimation
FNDA:0,(anonymous_1)
FNDA:0,(anonymous_2)
FNDA:0,(anonymous_3)
FNDA:0,(anonymous_4)
FNDA:0,(anonymous_5)
FNDA:0,(anonymous_6)
FNDA:0,(anonymous_7)
FNDA:0,(anonymous_8)
DA:16,0
DA:17,0
DA:18,0
DA:20,0
DA:21,0
DA:26,0
DA:29,0
DA:30,0
DA:38,0
DA:41,0
DA:43,0
DA:47,0
DA:48,0
DA:49,0
DA:50,0
DA:55,0
DA:56,0
DA:57,0
DA:58,0
DA:63,0
DA:64,0
DA:65,0
DA:70,0
LF:23
LH:0
BRDA:48,0,0,0
BRDA:48,0,1,0
BRDA:49,1,0,0
BRDA:49,1,1,0
BRDA:56,2,0,0
BRDA:56,2,1,0
BRDA:57,3,0,0
BRDA:57,3,1,0
BRDA:64,4,0,0
BRDA:64,4,1,0
BRF:10
BRH:0
end_of_record
TN:
SF:src/presentation/hooks/usePokemonList.ts
FN:9,usePokemonList
FN:15,(anonymous_1)
FN:17,(anonymous_2)
FN:20,(anonymous_3)
FN:34,(anonymous_4)
FNF:5
FNH:4
FNDA:2,usePokemonList
FNDA:1,(anonymous_1)
FNDA:3,(anonymous_2)
FNDA:4,(anonymous_3)
FNDA:0,(anonymous_4)
DA:7,1
DA:10,2
DA:11,2
DA:13,2
DA:15,1
DA:18,3
DA:21,4
DA:22,4
DA:23,0
DA:28,4
DA:32,2
DA:34,2
DA:35,0
DA:36,0
DA:40,2
LF:15
LH:12
BRDA:15,0,0,0
BRDA:18,1,0,3
BRDA:18,1,1,0
BRDA:22,2,0,0
BRDA:22,2,1,4
BRDA:22,3,0,4
BRDA:22,3,1,0
BRDA:32,4,0,2
BRDA:32,4,1,1
BRDA:35,5,0,0
BRDA:35,5,1,0
BRDA:35,6,0,0
BRDA:35,6,1,0
BRDA:44,7,0,2
BRDA:44,7,1,1
BRDA:44,7,2,1
BRF:16
BRH:8
end_of_record
